<?xml version="1.0" encoding="UTF-8"?>
<testng-results ignored="0" total="1" passed="1" failed="0" skipped="0">
  <reporter-output>
  </reporter-output>
  <suite started-at="2023-04-19T12:58:41 EDT" name="Default suite" finished-at="2023-04-19T12:58:42 EDT" duration-ms="110">
    <groups>
    </groups>
    <test started-at="2023-04-19T12:58:41 EDT" name="Default test" finished-at="2023-04-19T12:58:42 EDT" duration-ms="110">
      <class name="com.hrm.unittests.testdataprovider">
        <test-method signature="read()[pri:0, instance:com.hrm.unittests.testdataprovider@47e2e487]" started-at="2023-04-19T12:58:41 EDT" name="read" finished-at="2023-04-19T12:58:41 EDT" duration-ms="29" status="PASS">
          <reporter-output>
          </reporter-output>
        </test-method> <!-- read -->
      </class> <!-- com.hrm.unittests.testdataprovider -->
    </test> <!-- Default test -->
  </suite> <!-- Default suite -->
</testng-results>
